2026-03-12 22:10:58 [main] INFO  com.middleware.org.Application - Starting Application on 192.168.1.12 with PID 17807 (/Users/yuhan/Desktop/毕业设计/data-processing-middleware/target/classes started by yuhan in /Users/yuhan/Desktop/毕业设计/data-processing-middleware)
2026-03-12 22:10:58 [main] DEBUG com.middleware.org.Application - Running with Spring Boot v2.3.12.RELEASE, Spring v5.2.15.RELEASE
2026-03-12 22:10:58 [main] INFO  com.middleware.org.Application - No active profile set, falling back to default profiles: default
2026-03-12 22:10:58 [background-preinit] WARN  o.s.h.c.j.Jackson2ObjectMapperBuilder - For Jackson Kotlin classes support please add "com.fasterxml.jackson.module:jackson-module-kotlin" to the classpath
2026-03-12 22:10:58 [main] INFO  o.s.b.w.e.tomcat.TomcatWebServer - Tomcat initialized with port(s): 9999 (http)
2026-03-12 22:10:58 [main] INFO  o.a.catalina.core.StandardService - Starting service [Tomcat]
2026-03-12 22:10:58 [main] INFO  o.a.catalina.core.StandardEngine - Starting Servlet engine: [Apache Tomcat/9.0.46]
2026-03-12 22:10:58 [main] INFO  o.a.c.c.C.[Tomcat].[localhost].[/] - Initializing Spring embedded WebApplicationContext
2026-03-12 22:10:58 [main] INFO  o.s.b.w.s.c.ServletWebServerApplicationContext - Root WebApplicationContext: initialization completed in 256 ms
2026-03-12 22:10:58 [main] INFO  o.s.s.c.ThreadPoolTaskExecutor - Initializing ExecutorService 'applicationTaskExecutor'
2026-03-12 22:10:58 [main] INFO  o.s.b.w.e.tomcat.TomcatWebServer - Tomcat started on port(s): 9999 (http) with context path ''
2026-03-12 22:10:58 [main] INFO  com.middleware.org.Application - Started Application in 0.473 seconds (JVM running for 0.68)
2026-03-12 22:11:57 [SpringContextShutdownHook] INFO  o.s.s.c.ThreadPoolTaskExecutor - Shutting down ExecutorService 'applicationTaskExecutor'
2026-03-12 22:11:59 [main] INFO  com.middleware.org.Application - Starting Application on 192.168.1.12 with PID 18571 (/Users/yuhan/Desktop/毕业设计/data-processing-middleware/target/classes started by yuhan in /Users/yuhan/Desktop/毕业设计/data-processing-middleware)
2026-03-12 22:11:59 [main] DEBUG com.middleware.org.Application - Running with Spring Boot v2.3.12.RELEASE, Spring v5.2.15.RELEASE
2026-03-12 22:11:59 [main] INFO  com.middleware.org.Application - No active profile set, falling back to default profiles: default
2026-03-12 22:11:59 [background-preinit] WARN  o.s.h.c.j.Jackson2ObjectMapperBuilder - For Jackson Kotlin classes support please add "com.fasterxml.jackson.module:jackson-module-kotlin" to the classpath
2026-03-12 22:11:59 [main] INFO  o.s.b.w.e.tomcat.TomcatWebServer - Tomcat initialized with port(s): 9999 (http)
2026-03-12 22:11:59 [main] INFO  o.a.catalina.core.StandardService - Starting service [Tomcat]
2026-03-12 22:11:59 [main] INFO  o.a.catalina.core.StandardEngine - Starting Servlet engine: [Apache Tomcat/9.0.46]
2026-03-12 22:11:59 [main] INFO  o.a.c.c.C.[Tomcat].[localhost].[/] - Initializing Spring embedded WebApplicationContext
2026-03-12 22:11:59 [main] INFO  o.s.b.w.s.c.ServletWebServerApplicationContext - Root WebApplicationContext: initialization completed in 251 ms
2026-03-12 22:11:59 [main] INFO  o.s.s.c.ThreadPoolTaskExecutor - Initializing ExecutorService 'applicationTaskExecutor'
2026-03-12 22:11:59 [main] INFO  o.s.b.w.e.tomcat.TomcatWebServer - Tomcat started on port(s): 9999 (http) with context path ''
2026-03-12 22:11:59 [main] INFO  com.middleware.org.Application - Started Application in 0.475 seconds (JVM running for 0.657)
2026-03-12 22:12:31 [http-nio-9999-exec-1] INFO  o.a.c.c.C.[Tomcat].[localhost].[/] - Initializing Spring DispatcherServlet 'dispatcherServlet'
2026-03-12 22:12:31 [http-nio-9999-exec-1] INFO  o.s.web.servlet.DispatcherServlet - Initializing Servlet 'dispatcherServlet'
2026-03-12 22:12:31 [http-nio-9999-exec-1] INFO  o.s.web.servlet.DispatcherServlet - Completed initialization in 3 ms
